<?xml version="1.0" encoding="UTF-8"?>
<!-- Generated by org.testng.reporters.JUnitReportReporter -->
<testsuite skipped="0" hostname="knoldus-Vostro-3500" name="NewTest" tests="1" failures="0" timestamp="10 Jun 2021 01:53:35 GMT" time="46.691" errors="0">
  <testcase name="Test_1" time="46.691" classname="NewTest"/>
</testsuite> <!-- NewTest -->
